{"date":"2025-11-06T07:13:15.781Z","message":"Response sent with code: 200 and body: [{\"id\":7,\"userName\":\"Bond\"}]"}
{"date":"2025-11-06T07:14:21.176Z","message":"Response sent with code: 200 and body: [{\"id\":7,\"userName\":\"Bond\"}]"}
{"date":"2025-11-06T07:14:30.465Z","message":"Response sent with code: 200 and body: [{\"id\":7,\"userName\":\"Bond\"}]"}
{"date":"2025-11-06T07:14:32.693Z","message":"Response sent with code: 200 and body: [{\"id\":7,\"userName\":\"Bond\"}]"}
{"date":"2025-11-06T07:16:39.616Z","message":"Response sent with code: 200 and body: [{\"id\":7,\"userName\":\"Bond\"}]"}
{"date":"2025-11-06T07:17:07.367Z","message":"Response sent with code: 200 and body: [{\"id\":7,\"userName\":\"Bond\"},{\"id\":34,\"userName\":\"Barsik\"}]"}
{"date":"2025-11-06T07:23:07.293Z","message":"Response sent with code: 200 and body: [{\"id\":7,\"userName\":\"Bond\"},{\"id\":34,\"userName\":\"Barsik\"}]"}
{"date":"2025-11-06T07:23:33.387Z","message":"Response sent with code: 200 and body: {\"id\":34,\"userName\":\"Barsik\"}"}
{"date":"2025-11-06T07:23:46.994Z","message":"Response sent with code: 200 and body: {\"id\":34,\"userName\":\"Barsik\"}"}
{"date":"2025-11-06T07:23:50.423Z","message":"Response sent with code: 200 and body: [{\"id\":7,\"userName\":\"James Bond\"}]"}
{"date":"2025-11-06T07:25:32.230Z","message":"Response sent with code: 200 and body: []"}
{"date":"2025-11-06T07:30:04.497Z","message":"Response sent with code: 200 and body: [{\"id\":7,\"userName\":\"Bond\"}]"}
{"date":"2025-11-06T07:32:40.495Z","message":"Response sent with code: 200 and body: [{\"id\":7,\"userName\":\"Bond\"}]"}
{"date":"2025-11-06T07:32:50.696Z","message":"Response sent with code: 200 and body: {\"id\":34,\"userName\":\"Barsik\"}"}
{"date":"2025-11-06T07:32:54.192Z","message":"Response sent with code: 200 and body: {\"id\":34,\"userName\":\"Barsik\"}"}
{"date":"2025-11-06T07:32:57.219Z","message":"Response sent with code: 200 and body: [{\"id\":7,\"userName\":\"James Bond\"}]"}
{"date":"2025-11-06T07:33:03.020Z","message":"Response sent with code: 200 and body: [{\"date\":\"2025-11-06T07:32:40.495Z\",\"message\":\"Response sent with code: 200 and body: [{\\\"id\\\":7,\\\"userName\\\":\\\"Bond\\\"}]\"},{\"date\":\"2025-11-06T07:32:50.696Z\",\"message\":\"Response sent with code: 200 and body: {\\\"id\\\":34,\\\"userName\\\":\\\"Barsik\\\"}\"},{\"date\":\"2025-11-06T07:32:54.192Z\",\"message\":\"Response sent with code: 200 and body: {\\\"id\\\":34,\\\"userName\\\":\\\"Barsik\\\"}\"},{\"date\":\"2025-11-06T07:32:57.219Z\",\"message\":\"Response sent with code: 200 and body: [{\\\"id\\\":7,\\\"userName\\\":\\\"James Bond\\\"}]\"}]"}
{"date":"2025-11-06T10:37:29.971Z","message":"Response sent with code: 200 and body: [{\"id\":7,\"userName\":\"Bond\"}]"}
{"date":"2025-11-06T12:11:25.875Z","message":"Response sent with code: 200 and body: [{\"id\":7,\"userName\":\"Bond\"}]"}
{"date":"2025-11-06T12:11:41.010Z","message":"Response sent with code: 200 and body: {\"id\":34,\"userName\":\"Barsik\"}"}
{"date":"2025-11-06T12:11:44.544Z","message":"Response sent with code: 200 and body: [{\"id\":7,\"userName\":\"James Bond\"},{\"id\":34,\"userName\":\"Barsik\"}]"}
{"date":"2025-11-06T12:11:48.616Z","message":"Response sent with code: 200 and body: {\"id\":34,\"userName\":\"Barsik\"}"}
{"date":"2025-11-06T12:11:51.543Z","message":"Response sent with code: 200 and body: [{\"id\":7,\"userName\":\"James Bond\"}]"}
{"date":"2025-11-06T16:40:31.599Z","message":"Response sent with code: 200 and body: [{\"id\":7,\"userName\":\"Bond\"}]"}
{"date":"2025-11-06T16:40:48.701Z","message":"Response sent with code: 200 and body: [{\"id\":7,\"userName\":\"Bond\"},{\"id\":34,\"userName\":\"Barsik\"}]"}
{"date":"2025-11-06T16:44:47.228Z","message":"Response sent with code: 200 and body: [{\"id\":7,\"userName\":\"Bond\"}]"}
{"date":"2025-11-06T16:45:03.959Z","message":"Response sent with code: 200 and body: [{\"id\":7,\"userName\":\"Bond\"},{\"id\":34,\"userName\":\"Barsik\"}]"}
{"date":"2025-11-06T16:49:09.968Z","message":"Response sent with code: 200 and body: [{\"id\":7,\"userName\":\"Bond\"},{\"id\":34,\"userName\":\"Barsik\"}]"}
{"date":"2025-11-06T16:49:14.826Z","message":"Response sent with code: 200 and body: {\"id\":34,\"userName\":\"Barsik\"}"}
{"date":"2025-11-06T16:49:19.668Z","message":"Response sent with code: 200 and body: [{\"id\":7,\"userName\":\"Bond\"}]"}
{"date":"2025-11-06T16:50:36.750Z","message":"Response sent with code: 200 and body: {\"id\":7,\"userName\":\"James Bond\"}"}
{"date":"2025-11-06T17:11:16.749Z","message":"Response sent with code: 200 and body: [{\"id\":7,\"userName\":\"Bond\"}]"}
{"date":"2025-11-06T17:11:24.885Z","message":"Response sent with code: 200 and body: [{\"id\":7,\"userName\":\"Bond\"}]"}
{"date":"2025-11-06T17:17:55.159Z","message":"Response sent with code: 200 and body: [{\"id\":7,\"userName\":\"Bond\"}]"}
{"date":"2025-11-06T17:18:08.007Z","message":"Response sent with code: 200 and body: [{\"id\":7,\"userName\":\"Bond\"},{\"id\":34,\"userName\":\"Barsik\"}]"}
{"date":"2025-11-06T17:20:05.857Z","message":"Response sent with code: 200 and body: [{\"id\":7,\"userName\":\"Bond\"}]"}
{"date":"2025-11-06T17:50:48.757Z","message":"Response sent with code: 200 and body: [{\"id\":7,\"userName\":\"Bond\"}]"}
{"date":"2025-11-06T18:02:48.661Z","message":"Response sent with code: 200 and body: [{\"id\":7,\"userName\":\"Bond\"}]"}
{"date":"2025-11-06T18:03:24.765Z","message":"Response sent with code: 200 and body: [{\"id\":7,\"userName\":\"Bond\"}]"}
{"date":"2025-11-06T18:19:27.555Z","message":"Response sent with code: 200 and body: {\"id\":34,\"userName\":\"Barsik\"}"}
{"date":"2025-11-06T18:56:00.788Z","message":"Response sent with code: 200 and body: [{\"id\":7,\"userName\":\"Bond\"}]"}
